ncsim: 06.11-s008: (c) Copyright 1995-2007 Cadence Design Systems, Inc.
ncsim> run 160 ns
a=0000, b=0000, a*b=p 00000000
a=0001, b=1111, a*b=p 00001111
a=0010, b=1110, a*b=p 00011100
a=0011, b=1101, a*b=p 00100111
a=0100, b=1100, a*b=p 00110000
a=0101, b=1011, a*b=p 00110111
a=0110, b=1010, a*b=p 00111100
a=0111, b=1001, a*b=p 00111111
a=1000, b=1000, a*b=p 01000000
a=1001, b=0111, a*b=p 00111111
a=1010, b=0110, a*b=p 00111100
a=1011, b=0101, a*b=p 00110111
a=1100, b=0100, a*b=p 00110000
a=1101, b=0011, a*b=p 00100111
a=1110, b=0010, a*b=p 00011100
a=1111, b=0001, a*b=p 00001111
a=1111, b=1111, a*b=p 11100001
Ran until 160 NS + 0
ncsim> exit
